\BOOKMARK [1][-]{section.1}{\376\377\127\372\170\100\116\016\213\304\117\060}{}% 1
\BOOKMARK [2][-]{subsection.1.1}{\376\377\120\117\135\356\000-\145\271\135\356\122\006\211\343}{section.1}% 2
\BOOKMARK [2][-]{subsection.1.2}{\376\377\232\330\145\257\122\006\136\003}{section.1}% 3
\BOOKMARK [2][-]{subsection.1.3}{\376\377\140\047\200\375\136\246\221\317}{section.1}% 4
\BOOKMARK [1][-]{section.2}{\376\377\176\277\140\047\152\041\127\213\116\016\000S\000V\000M}{}% 5
\BOOKMARK [2][-]{subsection.2.1}{\376\377\220\073\217\221\126\336\137\122\000\040\000\050\000L\000o\000g\000i\000s\000t\000i\000c\000\040\000R\000e\000g\000r\000e\000s\000s\000i\000o\000n\000\051}{section.2}% 6
\BOOKMARK [2][-]{subsection.2.2}{\376\377\145\057\143\001\124\021\221\317\147\072\000\040\000\050\000S\000V\000M\000\051}{section.2}% 7
\BOOKMARK [1][-]{section.3}{\376\377\226\306\142\020\133\146\116\140}{}% 8
\BOOKMARK [1][-]{section.4}{\376\377\200\132\174\173}{}% 9
\BOOKMARK [2][-]{subsection.4.1}{\376\377\215\335\171\273\136\246\221\317}{section.4}% 10
\BOOKMARK [2][-]{subsection.4.2}{\376\377\122\006\174\173}{section.4}% 11
\BOOKMARK [1][-]{section.5}{\376\377\226\115\176\364}{}% 12
\BOOKMARK [2][-]{subsection.5.1}{\376\377\000P\000C\000A\000\040\000\050\116\073\142\020\122\006\122\006\147\220\000\051}{section.5}% 13
\BOOKMARK [2][-]{subsection.5.2}{\376\377\155\101\137\142\133\146\116\140}{section.5}% 14
\BOOKMARK [2][-]{subsection.5.3}{\376\377\215\335\171\273\136\246\221\317\133\146\116\140}{section.5}% 15
\BOOKMARK [1][-]{section.6}{\376\377\162\171\137\201\220\011\142\351\116\016\172\000\165\217\133\146\116\140}{}% 16
\BOOKMARK [2][-]{subsection.6.1}{\376\377\162\171\137\201\220\011\142\351}{section.6}% 17
\BOOKMARK [2][-]{subsection.6.2}{\376\377\172\000\165\217\133\146\116\140}{section.6}% 18
\BOOKMARK [1][-]{section.7}{\376\377\123\112\166\321\167\143\133\146\116\140}{}% 19
\BOOKMARK [2][-]{subsection.7.1}{\376\377\165\037\142\020\137\017\145\271\154\325}{section.7}% 20
\BOOKMARK [2][-]{subsection.7.2}{\376\377\123\112\166\321\167\143\000\040\000S\000V\000M\000\040\000\050\000S\0003\000V\000M\000\040\000/\000\040\000T\000S\000V\000M\000\051}{section.7}% 21
\BOOKMARK [2][-]{subsection.7.3}{\376\377\126\376\123\112\166\321\167\143\133\146\116\140\000\040\000\050\000G\000r\000a\000p\000h\000-\000B\000a\000s\000e\000d\000\040\000M\000e\000t\000h\000o\000d\000s\000\051}{section.7}% 22
\BOOKMARK [2][-]{subsection.7.4}{\376\377\127\372\116\216\122\006\153\147\166\204\145\271\154\325\000\040\000\050\000D\000i\000s\000a\000g\000r\000e\000e\000m\000e\000n\000t\000-\000b\000a\000s\000e\000d\000\040\000M\000e\000t\000h\000o\000d\000s\000\051}{section.7}% 23
\BOOKMARK [2][-]{subsection.7.5}{\376\377\123\112\166\321\167\143\200\132\174\173\000\040\000\050\000S\000e\000m\000i\000-\000S\000u\000p\000e\000r\000v\000i\000s\000e\000d\000\040\000C\000l\000u\000s\000t\000e\000r\000i\000n\000g\000\051}{section.7}% 24
\BOOKMARK [1][-]{section.8}{\376\377\151\202\163\207\126\376\152\041\127\213}{}% 25
\BOOKMARK [2][-]{subsection.8.1}{\376\377\226\220\232\154\134\024\123\357\131\053\152\041\127\213\000\040\000\050\000H\000M\000M\000\051}{section.8}% 26
\BOOKMARK [2][-]{subsection.8.2}{\376\377\232\154\134\024\123\357\131\053\226\217\147\072\127\072\000\040\000\050\000M\000R\000F\000\051}{section.8}% 27
\BOOKMARK [2][-]{subsection.8.3}{\376\377\147\141\116\366\226\217\147\072\127\072\000\040\000\050\000C\000R\000F\000\051}{section.8}% 28
\BOOKMARK [2][-]{subsection.8.4}{\376\377\152\041\127\213\143\250\145\255\000\040\000\050\000I\000n\000f\000e\000r\000e\000n\000c\000e\000\051}{section.8}% 29
\BOOKMARK [1][-]{section.9}{\376\377\211\304\122\031\133\146\116\140}{}% 30
\BOOKMARK [1][-]{section.10}{\376\377\137\072\123\026\133\146\116\140\000\040\000\050\000R\000L\000\051}{}% 31
\BOOKMARK [2][-]{subsection.10.1}{\376\377\000K\000-\144\107\201\302\215\114\123\132\147\072\000\040\000\050\000K\000-\000A\000r\000m\000e\000d\000\040\000B\000a\000n\000d\000i\000t\000\051}{section.10}% 32
\BOOKMARK [2][-]{subsection.10.2}{\376\377\120\074\121\375\145\160\116\016\000B\000e\000l\000l\000m\000a\000n\145\271\172\013}{section.10}% 33
\BOOKMARK [2][-]{subsection.10.3}{\376\377\154\102\211\343\173\227\154\325}{section.10}% 34
\BOOKMARK [2][-]{subsection.10.4}{\376\377\120\074\121\375\145\160\217\321\117\074\000\040\000\050\000V\000a\000l\000u\000e\000\040\000F\000u\000n\000c\000t\000i\000o\000n\000\040\000A\000p\000p\000r\000o\000x\000i\000m\000a\000t\000i\000o\000n\000\051}{section.10}% 35
\BOOKMARK [2][-]{subsection.10.5}{\376\377\152\041\116\377\133\146\116\140\000\040\000\050\000I\000m\000i\000t\000a\000t\000i\000o\000n\000\040\000L\000e\000a\000r\000n\000i\000n\000g\000\051}{section.10}% 36
